11:38:08.229 [Test worker] INFO  i.c.core.plugin.SerenityReporter - Running feature from file:///C:/Users/rickn/Videos/test-chouc-main/src/test/resources/features/registerUser.feature
11:38:08.480 [Test worker] INFO   - 

-------------------------------------------------------------------------------------
     _______. _______ .______       _______ .__   __.  __  .___________.____    ____ 
    /       ||   ____||   _  \     |   ____||  \ |  | |  | |           |\   \  /   / 
   |   (----`|  |__   |  |_)  |    |  |__   |   \|  | |  | `---|  |----` \   \/   /  
    \   \    |   __|  |      /     |   __|  |  . `  | |  |     |  |       \_    _/   
.----)   |   |  |____ |  |\  \----.|  |____ |  |\   | |  |     |  |         |  |     
|_______/    |_______|| _| `._____||_______||__| \__| |__|     |__|         |__|    
                                                                                     
 News and tutorials at http://www.serenity-bdd.info                                  
 Documentation at https://wakaleo.gitbooks.io/the-serenity-book/content/             
 Join the Serenity Community on Gitter: https://gitter.im/serenity-bdd/serenity-core 
 Serenity BDD Support and Training at http://serenity-bdd.info/#/trainingandsupport  
-------------------------------------------------------------------------------------

11:38:08.490 [Test worker] INFO   - Test Suite Started: register test on demoPage.com
11:38:08.518 [Test worker] INFO  i.c.core.plugin.SerenityReporter - Running feature from file:///C:/Users/rickn/Videos/test-chouc-main/src/test/resources/features/registerUser.feature
11:38:08.529 [Test worker] INFO   - Test Suite Started: register test on demoPage.com
11:38:08.643 [Test worker] INFO  i.c.core.plugin.SerenityReporter - Running feature from file:///C:/Users/rickn/Videos/test-chouc-main/src/test/resources/features/registerUser.feature
11:38:08.674 [Test worker] INFO   - 
  _____   ___   ___   _____     ___   _____     _     ___   _____   ___   ___  
 |_   _| | __| / __| |_   _|   / __| |_   _|   /_\   | _ \ |_   _| | __| |   \ 
   | |   | _|  \__ \   | |     \__ \   | |    / _ \  |   /   | |   | _|  | |) |
   |_|   |___| |___/   |_|     |___/   |_|   /_/ \_\ |_|_\   |_|   |___| |___/ 

As a "<description>" I want to get corresponding web validation "<message>"(register-test-on-demopage.com;as-a-"<description>"-i-want-to-get-corresponding-web-validation-"<message>")
--------------------------------------------------------------------------------
11:38:20.132 [Test worker] INFO   - 
  _____   ___   ___   _____     ___     _     ___   ___   ___   ___  
 |_   _| | __| / __| |_   _|   | _ \   /_\   / __| / __| | __| |   \ 
   | |   | _|  \__ \   | |     |  _/  / _ \  \__ \ \__ \ | _|  | |) |
   |_|   |___| |___/   |_|     |_|   /_/ \_\ |___/ |___/ |___| |___/ 

As a "<description>" I want to get corresponding web validation "<message>"
----------------------------------------------------------------------
11:45:07.370 [Test worker] INFO  i.c.core.plugin.SerenityReporter - Running feature from file:///C:/Users/rickn/Videos/test-chouc-main/src/test/resources/features/registerUser.feature
11:45:07.550 [Test worker] INFO   - 

-------------------------------------------------------------------------------------
     _______. _______ .______       _______ .__   __.  __  .___________.____    ____ 
    /       ||   ____||   _  \     |   ____||  \ |  | |  | |           |\   \  /   / 
   |   (----`|  |__   |  |_)  |    |  |__   |   \|  | |  | `---|  |----` \   \/   /  
    \   \    |   __|  |      /     |   __|  |  . `  | |  |     |  |       \_    _/   
.----)   |   |  |____ |  |\  \----.|  |____ |  |\   | |  |     |  |         |  |     
|_______/    |_______|| _| `._____||_______||__| \__| |__|     |__|         |__|    
                                                                                     
 News and tutorials at http://www.serenity-bdd.info                                  
 Documentation at https://wakaleo.gitbooks.io/the-serenity-book/content/             
 Join the Serenity Community on Gitter: https://gitter.im/serenity-bdd/serenity-core 
 Serenity BDD Support and Training at http://serenity-bdd.info/#/trainingandsupport  
-------------------------------------------------------------------------------------

11:45:07.558 [Test worker] INFO   - Test Suite Started: register test on demoPage.com
11:45:07.581 [Test worker] INFO  i.c.core.plugin.SerenityReporter - Running feature from file:///C:/Users/rickn/Videos/test-chouc-main/src/test/resources/features/registerUser.feature
11:45:07.586 [Test worker] INFO   - Test Suite Started: register test on demoPage.com
11:45:07.662 [Test worker] INFO  i.c.core.plugin.SerenityReporter - Running feature from file:///C:/Users/rickn/Videos/test-chouc-main/src/test/resources/features/registerUser.feature
11:45:07.692 [Test worker] INFO   - 
  _____   ___   ___   _____     ___   _____     _     ___   _____   ___   ___  
 |_   _| | __| / __| |_   _|   / __| |_   _|   /_\   | _ \ |_   _| | __| |   \ 
   | |   | _|  \__ \   | |     \__ \   | |    / _ \  |   /   | |   | _|  | |) |
   |_|   |___| |___/   |_|     |___/   |_|   /_/ \_\ |_|_\   |_|   |___| |___/ 

As a "<description>" I want to get corresponding web validation "<message>"(register-test-on-demopage.com;as-a-"<description>"-i-want-to-get-corresponding-web-validation-"<message>")
--------------------------------------------------------------------------------
11:45:18.087 [Test worker] INFO   - 
  _____   ___   ___   _____     ___     _     ___   ___   ___   ___  
 |_   _| | __| / __| |_   _|   | _ \   /_\   / __| / __| | __| |   \ 
   | |   | _|  \__ \   | |     |  _/  / _ \  \__ \ \__ \ | _|  | |) |
   |_|   |___| |___/   |_|     |_|   /_/ \_\ |___/ |___/ |___| |___/ 

As a "<description>" I want to get corresponding web validation "<message>"
----------------------------------------------------------------------
11:45:47.360 [Test worker] INFO  i.c.core.plugin.SerenityReporter - Running feature from file:///C:/Users/rickn/Videos/test-chouc-main/src/test/resources/features/registerUser.feature
11:45:47.598 [Test worker] INFO   - 

-------------------------------------------------------------------------------------
     _______. _______ .______       _______ .__   __.  __  .___________.____    ____ 
    /       ||   ____||   _  \     |   ____||  \ |  | |  | |           |\   \  /   / 
   |   (----`|  |__   |  |_)  |    |  |__   |   \|  | |  | `---|  |----` \   \/   /  
    \   \    |   __|  |      /     |   __|  |  . `  | |  |     |  |       \_    _/   
.----)   |   |  |____ |  |\  \----.|  |____ |  |\   | |  |     |  |         |  |     
|_______/    |_______|| _| `._____||_______||__| \__| |__|     |__|         |__|    
                                                                                     
 News and tutorials at http://www.serenity-bdd.info                                  
 Documentation at https://wakaleo.gitbooks.io/the-serenity-book/content/             
 Join the Serenity Community on Gitter: https://gitter.im/serenity-bdd/serenity-core 
 Serenity BDD Support and Training at http://serenity-bdd.info/#/trainingandsupport  
-------------------------------------------------------------------------------------

11:45:47.609 [Test worker] INFO   - Test Suite Started: register test on demoPage.com
11:45:47.634 [Test worker] INFO  i.c.core.plugin.SerenityReporter - Running feature from file:///C:/Users/rickn/Videos/test-chouc-main/src/test/resources/features/registerUser.feature
11:45:47.639 [Test worker] INFO   - Test Suite Started: register test on demoPage.com
11:45:47.738 [Test worker] INFO  i.c.core.plugin.SerenityReporter - Running feature from file:///C:/Users/rickn/Videos/test-chouc-main/src/test/resources/features/registerUser.feature
11:45:47.767 [Test worker] INFO   - 
  _____   ___   ___   _____     ___   _____     _     ___   _____   ___   ___  
 |_   _| | __| / __| |_   _|   / __| |_   _|   /_\   | _ \ |_   _| | __| |   \ 
   | |   | _|  \__ \   | |     \__ \   | |    / _ \  |   /   | |   | _|  | |) |
   |_|   |___| |___/   |_|     |___/   |_|   /_/ \_\ |_|_\   |_|   |___| |___/ 

As a "<description>" I want to get corresponding web validation "<message>"(register-test-on-demopage.com;as-a-"<description>"-i-want-to-get-corresponding-web-validation-"<message>")
--------------------------------------------------------------------------------
11:46:01.745 [Test worker] INFO   - 
  _____   ___   ___   _____     ___     _     ___   ___   ___   ___  
 |_   _| | __| / __| |_   _|   | _ \   /_\   / __| / __| | __| |   \ 
   | |   | _|  \__ \   | |     |  _/  / _ \  \__ \ \__ \ | _|  | |) |
   |_|   |___| |___/   |_|     |_|   /_/ \_\ |___/ |___/ |___| |___/ 

As a "<description>" I want to get corresponding web validation "<message>"
----------------------------------------------------------------------
11:49:14.762 [Test worker] INFO  i.c.core.plugin.SerenityReporter - Running feature from file:///C:/Users/rickn/Videos/test-chouc-main/src/test/resources/features/registerUser.feature
11:49:14.927 [Test worker] INFO   - 

-------------------------------------------------------------------------------------
     _______. _______ .______       _______ .__   __.  __  .___________.____    ____ 
    /       ||   ____||   _  \     |   ____||  \ |  | |  | |           |\   \  /   / 
   |   (----`|  |__   |  |_)  |    |  |__   |   \|  | |  | `---|  |----` \   \/   /  
    \   \    |   __|  |      /     |   __|  |  . `  | |  |     |  |       \_    _/   
.----)   |   |  |____ |  |\  \----.|  |____ |  |\   | |  |     |  |         |  |     
|_______/    |_______|| _| `._____||_______||__| \__| |__|     |__|         |__|    
                                                                                     
 News and tutorials at http://www.serenity-bdd.info                                  
 Documentation at https://wakaleo.gitbooks.io/the-serenity-book/content/             
 Join the Serenity Community on Gitter: https://gitter.im/serenity-bdd/serenity-core 
 Serenity BDD Support and Training at http://serenity-bdd.info/#/trainingandsupport  
-------------------------------------------------------------------------------------

11:49:14.934 [Test worker] INFO   - Test Suite Started: register test on demoPage.com
11:49:14.957 [Test worker] INFO  i.c.core.plugin.SerenityReporter - Running feature from file:///C:/Users/rickn/Videos/test-chouc-main/src/test/resources/features/registerUser.feature
11:49:14.960 [Test worker] INFO   - Test Suite Started: register test on demoPage.com
11:49:15.032 [Test worker] INFO  i.c.core.plugin.SerenityReporter - Running feature from file:///C:/Users/rickn/Videos/test-chouc-main/src/test/resources/features/registerUser.feature
11:49:15.052 [Test worker] INFO   - 
  _____   ___   ___   _____     ___   _____     _     ___   _____   ___   ___  
 |_   _| | __| / __| |_   _|   / __| |_   _|   /_\   | _ \ |_   _| | __| |   \ 
   | |   | _|  \__ \   | |     \__ \   | |    / _ \  |   /   | |   | _|  | |) |
   |_|   |___| |___/   |_|     |___/   |_|   /_/ \_\ |_|_\   |_|   |___| |___/ 

As a "<description>" I want to get corresponding web validation "<message>"(register-test-on-demopage.com;as-a-"<description>"-i-want-to-get-corresponding-web-validation-"<message>")
--------------------------------------------------------------------------------
11:49:36.428 [Test worker] INFO   - 
  _____   ___   ___   _____     ___     _     ___   ___   ___   ___  
 |_   _| | __| / __| |_   _|   | _ \   /_\   / __| / __| | __| |   \ 
   | |   | _|  \__ \   | |     |  _/  / _ \  \__ \ \__ \ | _|  | |) |
   |_|   |___| |___/   |_|     |_|   /_/ \_\ |___/ |___/ |___| |___/ 

As a "<description>" I want to get corresponding web validation "<message>"
----------------------------------------------------------------------
11:52:30.182 [Test worker] INFO  i.c.core.plugin.SerenityReporter - Running feature from file:///C:/Users/rickn/Videos/test-chouc-main/src/test/resources/features/registerUser.feature
11:52:30.438 [Test worker] INFO   - 

-------------------------------------------------------------------------------------
     _______. _______ .______       _______ .__   __.  __  .___________.____    ____ 
    /       ||   ____||   _  \     |   ____||  \ |  | |  | |           |\   \  /   / 
   |   (----`|  |__   |  |_)  |    |  |__   |   \|  | |  | `---|  |----` \   \/   /  
    \   \    |   __|  |      /     |   __|  |  . `  | |  |     |  |       \_    _/   
.----)   |   |  |____ |  |\  \----.|  |____ |  |\   | |  |     |  |         |  |     
|_______/    |_______|| _| `._____||_______||__| \__| |__|     |__|         |__|    
                                                                                     
 News and tutorials at http://www.serenity-bdd.info                                  
 Documentation at https://wakaleo.gitbooks.io/the-serenity-book/content/             
 Join the Serenity Community on Gitter: https://gitter.im/serenity-bdd/serenity-core 
 Serenity BDD Support and Training at http://serenity-bdd.info/#/trainingandsupport  
-------------------------------------------------------------------------------------

11:52:30.449 [Test worker] INFO   - Test Suite Started: register test on demoPage.com
11:52:30.474 [Test worker] INFO  i.c.core.plugin.SerenityReporter - Running feature from file:///C:/Users/rickn/Videos/test-chouc-main/src/test/resources/features/registerUser.feature
11:52:30.480 [Test worker] INFO   - Test Suite Started: register test on demoPage.com
11:52:30.580 [Test worker] INFO  i.c.core.plugin.SerenityReporter - Running feature from file:///C:/Users/rickn/Videos/test-chouc-main/src/test/resources/features/registerUser.feature
11:52:30.603 [Test worker] INFO   - 
  _____   ___   ___   _____     ___   _____     _     ___   _____   ___   ___  
 |_   _| | __| / __| |_   _|   / __| |_   _|   /_\   | _ \ |_   _| | __| |   \ 
   | |   | _|  \__ \   | |     \__ \   | |    / _ \  |   /   | |   | _|  | |) |
   |_|   |___| |___/   |_|     |___/   |_|   /_/ \_\ |_|_\   |_|   |___| |___/ 

As a "<description>" I want to get corresponding web validation "<message>"(register-test-on-demopage.com;as-a-"<description>"-i-want-to-get-corresponding-web-validation-"<message>")
--------------------------------------------------------------------------------
11:52:54.903 [Test worker] INFO   - 
  _____   ___   ___   _____     ___     _     ___   ___   ___   ___  
 |_   _| | __| / __| |_   _|   | _ \   /_\   / __| / __| | __| |   \ 
   | |   | _|  \__ \   | |     |  _/  / _ \  \__ \ \__ \ | _|  | |) |
   |_|   |___| |___/   |_|     |_|   /_/ \_\ |___/ |___/ |___| |___/ 

As a "<description>" I want to get corresponding web validation "<message>"
----------------------------------------------------------------------
11:53:14.821 [Test worker] INFO  i.c.core.plugin.SerenityReporter - Running feature from file:///C:/Users/rickn/Videos/test-chouc-main/src/test/resources/features/registerUser.feature
11:53:15.107 [Test worker] INFO   - 

-------------------------------------------------------------------------------------
     _______. _______ .______       _______ .__   __.  __  .___________.____    ____ 
    /       ||   ____||   _  \     |   ____||  \ |  | |  | |           |\   \  /   / 
   |   (----`|  |__   |  |_)  |    |  |__   |   \|  | |  | `---|  |----` \   \/   /  
    \   \    |   __|  |      /     |   __|  |  . `  | |  |     |  |       \_    _/   
.----)   |   |  |____ |  |\  \----.|  |____ |  |\   | |  |     |  |         |  |     
|_______/    |_______|| _| `._____||_______||__| \__| |__|     |__|         |__|    
                                                                                     
 News and tutorials at http://www.serenity-bdd.info                                  
 Documentation at https://wakaleo.gitbooks.io/the-serenity-book/content/             
 Join the Serenity Community on Gitter: https://gitter.im/serenity-bdd/serenity-core 
 Serenity BDD Support and Training at http://serenity-bdd.info/#/trainingandsupport  
-------------------------------------------------------------------------------------

11:53:15.119 [Test worker] INFO   - Test Suite Started: register test on demoPage.com
11:53:15.154 [Test worker] INFO  i.c.core.plugin.SerenityReporter - Running feature from file:///C:/Users/rickn/Videos/test-chouc-main/src/test/resources/features/registerUser.feature
11:53:15.162 [Test worker] INFO   - Test Suite Started: register test on demoPage.com
11:53:15.299 [Test worker] INFO  i.c.core.plugin.SerenityReporter - Running feature from file:///C:/Users/rickn/Videos/test-chouc-main/src/test/resources/features/registerUser.feature
11:53:15.331 [Test worker] INFO   - 
  _____   ___   ___   _____     ___   _____     _     ___   _____   ___   ___  
 |_   _| | __| / __| |_   _|   / __| |_   _|   /_\   | _ \ |_   _| | __| |   \ 
   | |   | _|  \__ \   | |     \__ \   | |    / _ \  |   /   | |   | _|  | |) |
   |_|   |___| |___/   |_|     |___/   |_|   /_/ \_\ |_|_\   |_|   |___| |___/ 

As a "<description>" I want to get corresponding web validation "<message>"(register-test-on-demopage.com;as-a-"<description>"-i-want-to-get-corresponding-web-validation-"<message>")
--------------------------------------------------------------------------------
11:53:39.281 [Test worker] INFO   - 
  _____   ___   ___   _____     ___     _     ___   ___   ___   ___  
 |_   _| | __| / __| |_   _|   | _ \   /_\   / __| / __| | __| |   \ 
   | |   | _|  \__ \   | |     |  _/  / _ \  \__ \ \__ \ | _|  | |) |
   |_|   |___| |___/   |_|     |_|   /_/ \_\ |___/ |___/ |___| |___/ 

As a "<description>" I want to get corresponding web validation "<message>"
----------------------------------------------------------------------
11:59:06.522 [Test worker] INFO  i.c.core.plugin.SerenityReporter - Running feature from file:///C:/Users/rickn/Videos/test-chouc-main/src/test/resources/features/registerUser.feature
11:59:07.227 [Test worker] INFO   - 

-------------------------------------------------------------------------------------
     _______. _______ .______       _______ .__   __.  __  .___________.____    ____ 
    /       ||   ____||   _  \     |   ____||  \ |  | |  | |           |\   \  /   / 
   |   (----`|  |__   |  |_)  |    |  |__   |   \|  | |  | `---|  |----` \   \/   /  
    \   \    |   __|  |      /     |   __|  |  . `  | |  |     |  |       \_    _/   
.----)   |   |  |____ |  |\  \----.|  |____ |  |\   | |  |     |  |         |  |     
|_______/    |_______|| _| `._____||_______||__| \__| |__|     |__|         |__|    
                                                                                     
 News and tutorials at http://www.serenity-bdd.info                                  
 Documentation at https://wakaleo.gitbooks.io/the-serenity-book/content/             
 Join the Serenity Community on Gitter: https://gitter.im/serenity-bdd/serenity-core 
 Serenity BDD Support and Training at http://serenity-bdd.info/#/trainingandsupport  
-------------------------------------------------------------------------------------

11:59:07.246 [Test worker] INFO   - Test Suite Started: register test on demoPage.com
11:59:07.307 [Test worker] INFO  i.c.core.plugin.SerenityReporter - Running feature from file:///C:/Users/rickn/Videos/test-chouc-main/src/test/resources/features/registerUser.feature
11:59:07.322 [Test worker] INFO   - Test Suite Started: register test on demoPage.com
11:59:07.609 [Test worker] INFO  i.c.core.plugin.SerenityReporter - Running feature from file:///C:/Users/rickn/Videos/test-chouc-main/src/test/resources/features/registerUser.feature
11:59:07.707 [Test worker] INFO   - 
  _____   ___   ___   _____     ___   _____     _     ___   _____   ___   ___  
 |_   _| | __| / __| |_   _|   / __| |_   _|   /_\   | _ \ |_   _| | __| |   \ 
   | |   | _|  \__ \   | |     \__ \   | |    / _ \  |   /   | |   | _|  | |) |
   |_|   |___| |___/   |_|     |___/   |_|   /_/ \_\ |_|_\   |_|   |___| |___/ 

As a "<description>" I want to get corresponding web validation "<message>"(register-test-on-demopage.com;as-a-"<description>"-i-want-to-get-corresponding-web-validation-"<message>")
--------------------------------------------------------------------------------
12:00:03.379 [Test worker] INFO   - 
  _____   ___   ___   _____     ___     _     ___   ___   ___   ___  
 |_   _| | __| / __| |_   _|   | _ \   /_\   / __| / __| | __| |   \ 
   | |   | _|  \__ \   | |     |  _/  / _ \  \__ \ \__ \ | _|  | |) |
   |_|   |___| |___/   |_|     |_|   /_/ \_\ |___/ |___/ |___| |___/ 

As a "<description>" I want to get corresponding web validation "<message>"
----------------------------------------------------------------------
12:01:53.444 [Test worker] INFO  i.c.core.plugin.SerenityReporter - Running feature from file:///C:/Users/rickn/Videos/test-chouc-main/src/test/resources/features/registerUser.feature
12:01:53.787 [Test worker] INFO   - 

-------------------------------------------------------------------------------------
     _______. _______ .______       _______ .__   __.  __  .___________.____    ____ 
    /       ||   ____||   _  \     |   ____||  \ |  | |  | |           |\   \  /   / 
   |   (----`|  |__   |  |_)  |    |  |__   |   \|  | |  | `---|  |----` \   \/   /  
    \   \    |   __|  |      /     |   __|  |  . `  | |  |     |  |       \_    _/   
.----)   |   |  |____ |  |\  \----.|  |____ |  |\   | |  |     |  |         |  |     
|_______/    |_______|| _| `._____||_______||__| \__| |__|     |__|         |__|    
                                                                                     
 News and tutorials at http://www.serenity-bdd.info                                  
 Documentation at https://wakaleo.gitbooks.io/the-serenity-book/content/             
 Join the Serenity Community on Gitter: https://gitter.im/serenity-bdd/serenity-core 
 Serenity BDD Support and Training at http://serenity-bdd.info/#/trainingandsupport  
-------------------------------------------------------------------------------------

12:01:53.799 [Test worker] INFO   - Test Suite Started: register test on demoPage.com
12:01:53.838 [Test worker] INFO  i.c.core.plugin.SerenityReporter - Running feature from file:///C:/Users/rickn/Videos/test-chouc-main/src/test/resources/features/registerUser.feature
12:01:53.848 [Test worker] INFO   - Test Suite Started: register test on demoPage.com
12:01:54.010 [Test worker] INFO  i.c.core.plugin.SerenityReporter - Running feature from file:///C:/Users/rickn/Videos/test-chouc-main/src/test/resources/features/registerUser.feature
12:01:54.054 [Test worker] INFO   - 
  _____   ___   ___   _____     ___   _____     _     ___   _____   ___   ___  
 |_   _| | __| / __| |_   _|   / __| |_   _|   /_\   | _ \ |_   _| | __| |   \ 
   | |   | _|  \__ \   | |     \__ \   | |    / _ \  |   /   | |   | _|  | |) |
   |_|   |___| |___/   |_|     |___/   |_|   /_/ \_\ |_|_\   |_|   |___| |___/ 

As a "<description>" I want to get corresponding web validation "<message>"(register-test-on-demopage.com;as-a-"<description>"-i-want-to-get-corresponding-web-validation-"<message>")
--------------------------------------------------------------------------------
12:02:26.406 [Test worker] INFO   - 
  _____   ___   ___   _____     ___     _     ___   ___   ___   ___  
 |_   _| | __| / __| |_   _|   | _ \   /_\   / __| / __| | __| |   \ 
   | |   | _|  \__ \   | |     |  _/  / _ \  \__ \ \__ \ | _|  | |) |
   |_|   |___| |___/   |_|     |_|   /_/ \_\ |___/ |___/ |___| |___/ 

As a "<description>" I want to get corresponding web validation "<message>"
----------------------------------------------------------------------
12:02:59.892 [Test worker] INFO  i.c.core.plugin.SerenityReporter - Running feature from file:///C:/Users/rickn/Videos/test-chouc-main/src/test/resources/features/registerUser.feature
12:03:00.209 [Test worker] INFO   - 

-------------------------------------------------------------------------------------
     _______. _______ .______       _______ .__   __.  __  .___________.____    ____ 
    /       ||   ____||   _  \     |   ____||  \ |  | |  | |           |\   \  /   / 
   |   (----`|  |__   |  |_)  |    |  |__   |   \|  | |  | `---|  |----` \   \/   /  
    \   \    |   __|  |      /     |   __|  |  . `  | |  |     |  |       \_    _/   
.----)   |   |  |____ |  |\  \----.|  |____ |  |\   | |  |     |  |         |  |     
|_______/    |_______|| _| `._____||_______||__| \__| |__|     |__|         |__|    
                                                                                     
 News and tutorials at http://www.serenity-bdd.info                                  
 Documentation at https://wakaleo.gitbooks.io/the-serenity-book/content/             
 Join the Serenity Community on Gitter: https://gitter.im/serenity-bdd/serenity-core 
 Serenity BDD Support and Training at http://serenity-bdd.info/#/trainingandsupport  
-------------------------------------------------------------------------------------

12:03:00.219 [Test worker] INFO   - Test Suite Started: register test on demoPage.com
12:03:00.252 [Test worker] INFO  i.c.core.plugin.SerenityReporter - Running feature from file:///C:/Users/rickn/Videos/test-chouc-main/src/test/resources/features/registerUser.feature
12:03:00.258 [Test worker] INFO   - Test Suite Started: register test on demoPage.com
12:03:00.370 [Test worker] INFO  i.c.core.plugin.SerenityReporter - Running feature from file:///C:/Users/rickn/Videos/test-chouc-main/src/test/resources/features/registerUser.feature
12:03:00.408 [Test worker] INFO   - 
  _____   ___   ___   _____     ___   _____     _     ___   _____   ___   ___  
 |_   _| | __| / __| |_   _|   / __| |_   _|   /_\   | _ \ |_   _| | __| |   \ 
   | |   | _|  \__ \   | |     \__ \   | |    / _ \  |   /   | |   | _|  | |) |
   |_|   |___| |___/   |_|     |___/   |_|   /_/ \_\ |_|_\   |_|   |___| |___/ 

As a "<description>" I want to get corresponding web validation "<message>"(register-test-on-demopage.com;as-a-"<description>"-i-want-to-get-corresponding-web-validation-"<message>")
--------------------------------------------------------------------------------
12:03:35.263 [Test worker] INFO   - 
  _____   ___   ___   _____     ___     _     ___   ___   ___   ___  
 |_   _| | __| / __| |_   _|   | _ \   /_\   / __| / __| | __| |   \ 
   | |   | _|  \__ \   | |     |  _/  / _ \  \__ \ \__ \ | _|  | |) |
   |_|   |___| |___/   |_|     |_|   /_/ \_\ |___/ |___/ |___| |___/ 

As a "<description>" I want to get corresponding web validation "<message>"
----------------------------------------------------------------------
12:04:46.402 [Test worker] INFO  i.c.core.plugin.SerenityReporter - Running feature from file:///C:/Users/rickn/Videos/test-chouc-main/src/test/resources/features/registerUser.feature
12:04:46.709 [Test worker] INFO   - 

-------------------------------------------------------------------------------------
     _______. _______ .______       _______ .__   __.  __  .___________.____    ____ 
    /       ||   ____||   _  \     |   ____||  \ |  | |  | |           |\   \  /   / 
   |   (----`|  |__   |  |_)  |    |  |__   |   \|  | |  | `---|  |----` \   \/   /  
    \   \    |   __|  |      /     |   __|  |  . `  | |  |     |  |       \_    _/   
.----)   |   |  |____ |  |\  \----.|  |____ |  |\   | |  |     |  |         |  |     
|_______/    |_______|| _| `._____||_______||__| \__| |__|     |__|         |__|    
                                                                                     
 News and tutorials at http://www.serenity-bdd.info                                  
 Documentation at https://wakaleo.gitbooks.io/the-serenity-book/content/             
 Join the Serenity Community on Gitter: https://gitter.im/serenity-bdd/serenity-core 
 Serenity BDD Support and Training at http://serenity-bdd.info/#/trainingandsupport  
-------------------------------------------------------------------------------------

12:04:46.719 [Test worker] INFO   - Test Suite Started: register test on demoPage.com
12:04:46.752 [Test worker] INFO  i.c.core.plugin.SerenityReporter - Running feature from file:///C:/Users/rickn/Videos/test-chouc-main/src/test/resources/features/registerUser.feature
12:04:46.760 [Test worker] INFO   - Test Suite Started: register test on demoPage.com
12:04:46.895 [Test worker] INFO  i.c.core.plugin.SerenityReporter - Running feature from file:///C:/Users/rickn/Videos/test-chouc-main/src/test/resources/features/registerUser.feature
12:04:46.926 [Test worker] INFO   - 
  _____   ___   ___   _____     ___   _____     _     ___   _____   ___   ___  
 |_   _| | __| / __| |_   _|   / __| |_   _|   /_\   | _ \ |_   _| | __| |   \ 
   | |   | _|  \__ \   | |     \__ \   | |    / _ \  |   /   | |   | _|  | |) |
   |_|   |___| |___/   |_|     |___/   |_|   /_/ \_\ |_|_\   |_|   |___| |___/ 

As a "<description>" I want to get corresponding web validation "<message>"(register-test-on-demopage.com;as-a-"<description>"-i-want-to-get-corresponding-web-validation-"<message>")
--------------------------------------------------------------------------------
12:05:15.778 [Test worker] INFO   - 
  _____   ___   ___   _____     ___     _     ___   ___   ___   ___  
 |_   _| | __| / __| |_   _|   | _ \   /_\   / __| / __| | __| |   \ 
   | |   | _|  \__ \   | |     |  _/  / _ \  \__ \ \__ \ | _|  | |) |
   |_|   |___| |___/   |_|     |_|   /_/ \_\ |___/ |___/ |___| |___/ 

As a "<description>" I want to get corresponding web validation "<message>"
----------------------------------------------------------------------
12:06:55.559 [Test worker] INFO  i.c.core.plugin.SerenityReporter - Running feature from file:///C:/Users/rickn/Videos/test-chouc-main/src/test/resources/features/registerUser.feature
12:06:55.867 [Test worker] INFO   - 

-------------------------------------------------------------------------------------
     _______. _______ .______       _______ .__   __.  __  .___________.____    ____ 
    /       ||   ____||   _  \     |   ____||  \ |  | |  | |           |\   \  /   / 
   |   (----`|  |__   |  |_)  |    |  |__   |   \|  | |  | `---|  |----` \   \/   /  
    \   \    |   __|  |      /     |   __|  |  . `  | |  |     |  |       \_    _/   
.----)   |   |  |____ |  |\  \----.|  |____ |  |\   | |  |     |  |         |  |     
|_______/    |_______|| _| `._____||_______||__| \__| |__|     |__|         |__|    
                                                                                     
 News and tutorials at http://www.serenity-bdd.info                                  
 Documentation at https://wakaleo.gitbooks.io/the-serenity-book/content/             
 Join the Serenity Community on Gitter: https://gitter.im/serenity-bdd/serenity-core 
 Serenity BDD Support and Training at http://serenity-bdd.info/#/trainingandsupport  
-------------------------------------------------------------------------------------

12:06:55.876 [Test worker] INFO   - Test Suite Started: register test on demoPage.com
12:06:55.908 [Test worker] INFO  i.c.core.plugin.SerenityReporter - Running feature from file:///C:/Users/rickn/Videos/test-chouc-main/src/test/resources/features/registerUser.feature
12:06:55.916 [Test worker] INFO   - Test Suite Started: register test on demoPage.com
12:06:56.053 [Test worker] INFO  i.c.core.plugin.SerenityReporter - Running feature from file:///C:/Users/rickn/Videos/test-chouc-main/src/test/resources/features/registerUser.feature
12:06:56.094 [Test worker] INFO   - 
  _____   ___   ___   _____     ___   _____     _     ___   _____   ___   ___  
 |_   _| | __| / __| |_   _|   / __| |_   _|   /_\   | _ \ |_   _| | __| |   \ 
   | |   | _|  \__ \   | |     \__ \   | |    / _ \  |   /   | |   | _|  | |) |
   |_|   |___| |___/   |_|     |___/   |_|   /_/ \_\ |_|_\   |_|   |___| |___/ 

As a "<description>" I want to get corresponding web validation "<message>"(register-test-on-demopage.com;as-a-"<description>"-i-want-to-get-corresponding-web-validation-"<message>")
--------------------------------------------------------------------------------
12:07:28.434 [Test worker] INFO   - 
  _____   ___   ___   _____     ___     _     ___   ___   ___   ___  
 |_   _| | __| / __| |_   _|   | _ \   /_\   / __| / __| | __| |   \ 
   | |   | _|  \__ \   | |     |  _/  / _ \  \__ \ \__ \ | _|  | |) |
   |_|   |___| |___/   |_|     |_|   /_/ \_\ |___/ |___/ |___| |___/ 

As a "<description>" I want to get corresponding web validation "<message>"
----------------------------------------------------------------------
12:09:27.719 [Test worker] INFO  i.c.core.plugin.SerenityReporter - Running feature from file:///C:/Users/rickn/Videos/test-chouc-main/src/test/resources/features/registerUser.feature
12:09:27.996 [Test worker] INFO   - 

-------------------------------------------------------------------------------------
     _______. _______ .______       _______ .__   __.  __  .___________.____    ____ 
    /       ||   ____||   _  \     |   ____||  \ |  | |  | |           |\   \  /   / 
   |   (----`|  |__   |  |_)  |    |  |__   |   \|  | |  | `---|  |----` \   \/   /  
    \   \    |   __|  |      /     |   __|  |  . `  | |  |     |  |       \_    _/   
.----)   |   |  |____ |  |\  \----.|  |____ |  |\   | |  |     |  |         |  |     
|_______/    |_______|| _| `._____||_______||__| \__| |__|     |__|         |__|    
                                                                                     
 News and tutorials at http://www.serenity-bdd.info                                  
 Documentation at https://wakaleo.gitbooks.io/the-serenity-book/content/             
 Join the Serenity Community on Gitter: https://gitter.im/serenity-bdd/serenity-core 
 Serenity BDD Support and Training at http://serenity-bdd.info/#/trainingandsupport  
-------------------------------------------------------------------------------------

12:09:28.006 [Test worker] INFO   - Test Suite Started: register test on demoPage.com
12:09:28.042 [Test worker] INFO  i.c.core.plugin.SerenityReporter - Running feature from file:///C:/Users/rickn/Videos/test-chouc-main/src/test/resources/features/registerUser.feature
12:09:28.050 [Test worker] INFO   - Test Suite Started: register test on demoPage.com
12:09:28.184 [Test worker] INFO  i.c.core.plugin.SerenityReporter - Running feature from file:///C:/Users/rickn/Videos/test-chouc-main/src/test/resources/features/registerUser.feature
12:09:28.216 [Test worker] INFO   - 
  _____   ___   ___   _____     ___   _____     _     ___   _____   ___   ___  
 |_   _| | __| / __| |_   _|   / __| |_   _|   /_\   | _ \ |_   _| | __| |   \ 
   | |   | _|  \__ \   | |     \__ \   | |    / _ \  |   /   | |   | _|  | |) |
   |_|   |___| |___/   |_|     |___/   |_|   /_/ \_\ |_|_\   |_|   |___| |___/ 

As a "<description>" I want to get corresponding web validation "<message>"(register-test-on-demopage.com;as-a-"<description>"-i-want-to-get-corresponding-web-validation-"<message>")
--------------------------------------------------------------------------------
12:10:08.203 [Test worker] INFO   - 
  _____   ___   ___   _____     ___     _     ___   ___   ___   ___  
 |_   _| | __| / __| |_   _|   | _ \   /_\   / __| / __| | __| |   \ 
   | |   | _|  \__ \   | |     |  _/  / _ \  \__ \ \__ \ | _|  | |) |
   |_|   |___| |___/   |_|     |_|   /_/ \_\ |___/ |___/ |___| |___/ 

As a "<description>" I want to get corresponding web validation "<message>"
----------------------------------------------------------------------
12:18:24.294 [Test worker] INFO  i.c.core.plugin.SerenityReporter - Running feature from file:///C:/Users/rickn/Videos/test-chouc-main/src/test/resources/features/registerUser.feature
12:18:24.541 [Test worker] INFO   - 

-------------------------------------------------------------------------------------
     _______. _______ .______       _______ .__   __.  __  .___________.____    ____ 
    /       ||   ____||   _  \     |   ____||  \ |  | |  | |           |\   \  /   / 
   |   (----`|  |__   |  |_)  |    |  |__   |   \|  | |  | `---|  |----` \   \/   /  
    \   \    |   __|  |      /     |   __|  |  . `  | |  |     |  |       \_    _/   
.----)   |   |  |____ |  |\  \----.|  |____ |  |\   | |  |     |  |         |  |     
|_______/    |_______|| _| `._____||_______||__| \__| |__|     |__|         |__|    
                                                                                     
 News and tutorials at http://www.serenity-bdd.info                                  
 Documentation at https://wakaleo.gitbooks.io/the-serenity-book/content/             
 Join the Serenity Community on Gitter: https://gitter.im/serenity-bdd/serenity-core 
 Serenity BDD Support and Training at http://serenity-bdd.info/#/trainingandsupport  
-------------------------------------------------------------------------------------

12:18:24.550 [Test worker] INFO   - Test Suite Started: register test on demoPage.com
12:19:05.101 [Test worker] INFO  i.c.core.plugin.SerenityReporter - Running feature from file:///C:/Users/rickn/Videos/test-chouc-main/src/test/resources/features/registerUser.feature
12:19:05.440 [Test worker] INFO   - 

-------------------------------------------------------------------------------------
     _______. _______ .______       _______ .__   __.  __  .___________.____    ____ 
    /       ||   ____||   _  \     |   ____||  \ |  | |  | |           |\   \  /   / 
   |   (----`|  |__   |  |_)  |    |  |__   |   \|  | |  | `---|  |----` \   \/   /  
    \   \    |   __|  |      /     |   __|  |  . `  | |  |     |  |       \_    _/   
.----)   |   |  |____ |  |\  \----.|  |____ |  |\   | |  |     |  |         |  |     
|_______/    |_______|| _| `._____||_______||__| \__| |__|     |__|         |__|    
                                                                                     
 News and tutorials at http://www.serenity-bdd.info                                  
 Documentation at https://wakaleo.gitbooks.io/the-serenity-book/content/             
 Join the Serenity Community on Gitter: https://gitter.im/serenity-bdd/serenity-core 
 Serenity BDD Support and Training at http://serenity-bdd.info/#/trainingandsupport  
-------------------------------------------------------------------------------------

12:19:05.507 [Test worker] INFO   - Test Suite Started: register test on demoPage.com
12:21:22.689 [Test worker] INFO  i.c.core.plugin.SerenityReporter - Running feature from file:///C:/Users/rickn/Videos/test-chouc-main/src/test/resources/features/registerUser.feature
12:21:22.866 [Test worker] INFO   - 

-------------------------------------------------------------------------------------
     _______. _______ .______       _______ .__   __.  __  .___________.____    ____ 
    /       ||   ____||   _  \     |   ____||  \ |  | |  | |           |\   \  /   / 
   |   (----`|  |__   |  |_)  |    |  |__   |   \|  | |  | `---|  |----` \   \/   /  
    \   \    |   __|  |      /     |   __|  |  . `  | |  |     |  |       \_    _/   
.----)   |   |  |____ |  |\  \----.|  |____ |  |\   | |  |     |  |         |  |     
|_______/    |_______|| _| `._____||_______||__| \__| |__|     |__|         |__|    
                                                                                     
 News and tutorials at http://www.serenity-bdd.info                                  
 Documentation at https://wakaleo.gitbooks.io/the-serenity-book/content/             
 Join the Serenity Community on Gitter: https://gitter.im/serenity-bdd/serenity-core 
 Serenity BDD Support and Training at http://serenity-bdd.info/#/trainingandsupport  
-------------------------------------------------------------------------------------

12:21:22.872 [Test worker] INFO   - Test Suite Started: register test on demoPage.com
12:22:27.499 [Test worker] INFO  i.c.core.plugin.SerenityReporter - Running feature from file:///C:/Users/rickn/Videos/test-chouc-main/src/test/resources/features/registerUser.feature
12:22:27.783 [Test worker] INFO   - 

-------------------------------------------------------------------------------------
     _______. _______ .______       _______ .__   __.  __  .___________.____    ____ 
    /       ||   ____||   _  \     |   ____||  \ |  | |  | |           |\   \  /   / 
   |   (----`|  |__   |  |_)  |    |  |__   |   \|  | |  | `---|  |----` \   \/   /  
    \   \    |   __|  |      /     |   __|  |  . `  | |  |     |  |       \_    _/   
.----)   |   |  |____ |  |\  \----.|  |____ |  |\   | |  |     |  |         |  |     
|_______/    |_______|| _| `._____||_______||__| \__| |__|     |__|         |__|    
                                                                                     
 News and tutorials at http://www.serenity-bdd.info                                  
 Documentation at https://wakaleo.gitbooks.io/the-serenity-book/content/             
 Join the Serenity Community on Gitter: https://gitter.im/serenity-bdd/serenity-core 
 Serenity BDD Support and Training at http://serenity-bdd.info/#/trainingandsupport  
-------------------------------------------------------------------------------------

12:22:27.792 [Test worker] INFO   - Test Suite Started: register test on demoPage.com
12:23:35.566 [Test worker] INFO  i.c.core.plugin.SerenityReporter - Running feature from file:///C:/Users/rickn/Videos/test-chouc-main/src/test/resources/features/registerUser.feature
12:23:35.851 [Test worker] INFO   - 

-------------------------------------------------------------------------------------
     _______. _______ .______       _______ .__   __.  __  .___________.____    ____ 
    /       ||   ____||   _  \     |   ____||  \ |  | |  | |           |\   \  /   / 
   |   (----`|  |__   |  |_)  |    |  |__   |   \|  | |  | `---|  |----` \   \/   /  
    \   \    |   __|  |      /     |   __|  |  . `  | |  |     |  |       \_    _/   
.----)   |   |  |____ |  |\  \----.|  |____ |  |\   | |  |     |  |         |  |     
|_______/    |_______|| _| `._____||_______||__| \__| |__|     |__|         |__|    
                                                                                     
 News and tutorials at http://www.serenity-bdd.info                                  
 Documentation at https://wakaleo.gitbooks.io/the-serenity-book/content/             
 Join the Serenity Community on Gitter: https://gitter.im/serenity-bdd/serenity-core 
 Serenity BDD Support and Training at http://serenity-bdd.info/#/trainingandsupport  
-------------------------------------------------------------------------------------

12:23:35.860 [Test worker] INFO   - Test Suite Started: register test on demoPage.com
12:24:53.268 [Test worker] INFO  i.c.core.plugin.SerenityReporter - Running feature from file:///C:/Users/rickn/Videos/test-chouc-main/src/test/resources/features/registerUser.feature
12:24:53.523 [Test worker] INFO   - 

-------------------------------------------------------------------------------------
     _______. _______ .______       _______ .__   __.  __  .___________.____    ____ 
    /       ||   ____||   _  \     |   ____||  \ |  | |  | |           |\   \  /   / 
   |   (----`|  |__   |  |_)  |    |  |__   |   \|  | |  | `---|  |----` \   \/   /  
    \   \    |   __|  |      /     |   __|  |  . `  | |  |     |  |       \_    _/   
.----)   |   |  |____ |  |\  \----.|  |____ |  |\   | |  |     |  |         |  |     
|_______/    |_______|| _| `._____||_______||__| \__| |__|     |__|         |__|    
                                                                                     
 News and tutorials at http://www.serenity-bdd.info                                  
 Documentation at https://wakaleo.gitbooks.io/the-serenity-book/content/             
 Join the Serenity Community on Gitter: https://gitter.im/serenity-bdd/serenity-core 
 Serenity BDD Support and Training at http://serenity-bdd.info/#/trainingandsupport  
-------------------------------------------------------------------------------------

12:24:53.532 [Test worker] INFO   - Test Suite Started: register test on demoPage.com
12:25:50.987 [Test worker] INFO  i.c.core.plugin.SerenityReporter - Running feature from file:///C:/Users/rickn/Videos/test-chouc-main/src/test/resources/features/registerUser.feature
12:25:51.174 [Test worker] INFO   - 

-------------------------------------------------------------------------------------
     _______. _______ .______       _______ .__   __.  __  .___________.____    ____ 
    /       ||   ____||   _  \     |   ____||  \ |  | |  | |           |\   \  /   / 
   |   (----`|  |__   |  |_)  |    |  |__   |   \|  | |  | `---|  |----` \   \/   /  
    \   \    |   __|  |      /     |   __|  |  . `  | |  |     |  |       \_    _/   
.----)   |   |  |____ |  |\  \----.|  |____ |  |\   | |  |     |  |         |  |     
|_______/    |_______|| _| `._____||_______||__| \__| |__|     |__|         |__|    
                                                                                     
 News and tutorials at http://www.serenity-bdd.info                                  
 Documentation at https://wakaleo.gitbooks.io/the-serenity-book/content/             
 Join the Serenity Community on Gitter: https://gitter.im/serenity-bdd/serenity-core 
 Serenity BDD Support and Training at http://serenity-bdd.info/#/trainingandsupport  
-------------------------------------------------------------------------------------

12:25:51.184 [Test worker] INFO   - Test Suite Started: register test on demoPage.com
12:28:03.692 [Test worker] INFO  i.c.core.plugin.SerenityReporter - Running feature from file:///C:/Users/rickn/Videos/test-chouc-main/src/test/resources/features/registerUser.feature
12:28:03.853 [Test worker] INFO   - 

-------------------------------------------------------------------------------------
     _______. _______ .______       _______ .__   __.  __  .___________.____    ____ 
    /       ||   ____||   _  \     |   ____||  \ |  | |  | |           |\   \  /   / 
   |   (----`|  |__   |  |_)  |    |  |__   |   \|  | |  | `---|  |----` \   \/   /  
    \   \    |   __|  |      /     |   __|  |  . `  | |  |     |  |       \_    _/   
.----)   |   |  |____ |  |\  \----.|  |____ |  |\   | |  |     |  |         |  |     
|_______/    |_______|| _| `._____||_______||__| \__| |__|     |__|         |__|    
                                                                                     
 News and tutorials at http://www.serenity-bdd.info                                  
 Documentation at https://wakaleo.gitbooks.io/the-serenity-book/content/             
 Join the Serenity Community on Gitter: https://gitter.im/serenity-bdd/serenity-core 
 Serenity BDD Support and Training at http://serenity-bdd.info/#/trainingandsupport  
-------------------------------------------------------------------------------------

12:28:03.861 [Test worker] INFO   - Test Suite Started: register test on demoPage.com
12:28:39.601 [Test worker] INFO  i.c.core.plugin.SerenityReporter - Running feature from file:///C:/Users/rickn/Videos/test-chouc-main/src/test/resources/features/registerUser.feature
12:28:39.763 [Test worker] INFO   - 

-------------------------------------------------------------------------------------
     _______. _______ .______       _______ .__   __.  __  .___________.____    ____ 
    /       ||   ____||   _  \     |   ____||  \ |  | |  | |           |\   \  /   / 
   |   (----`|  |__   |  |_)  |    |  |__   |   \|  | |  | `---|  |----` \   \/   /  
    \   \    |   __|  |      /     |   __|  |  . `  | |  |     |  |       \_    _/   
.----)   |   |  |____ |  |\  \----.|  |____ |  |\   | |  |     |  |         |  |     
|_______/    |_______|| _| `._____||_______||__| \__| |__|     |__|         |__|    
                                                                                     
 News and tutorials at http://www.serenity-bdd.info                                  
 Documentation at https://wakaleo.gitbooks.io/the-serenity-book/content/             
 Join the Serenity Community on Gitter: https://gitter.im/serenity-bdd/serenity-core 
 Serenity BDD Support and Training at http://serenity-bdd.info/#/trainingandsupport  
-------------------------------------------------------------------------------------

12:28:39.768 [Test worker] INFO   - Test Suite Started: register test on demoPage.com
12:28:54.432 [Test worker] INFO  i.c.core.plugin.SerenityReporter - Running feature from file:///C:/Users/rickn/Videos/test-chouc-main/src/test/resources/features/registerUser.feature
12:28:54.678 [Test worker] INFO   - 

-------------------------------------------------------------------------------------
     _______. _______ .______       _______ .__   __.  __  .___________.____    ____ 
    /       ||   ____||   _  \     |   ____||  \ |  | |  | |           |\   \  /   / 
   |   (----`|  |__   |  |_)  |    |  |__   |   \|  | |  | `---|  |----` \   \/   /  
    \   \    |   __|  |      /     |   __|  |  . `  | |  |     |  |       \_    _/   
.----)   |   |  |____ |  |\  \----.|  |____ |  |\   | |  |     |  |         |  |     
|_______/    |_______|| _| `._____||_______||__| \__| |__|     |__|         |__|    
                                                                                     
 News and tutorials at http://www.serenity-bdd.info                                  
 Documentation at https://wakaleo.gitbooks.io/the-serenity-book/content/             
 Join the Serenity Community on Gitter: https://gitter.im/serenity-bdd/serenity-core 
 Serenity BDD Support and Training at http://serenity-bdd.info/#/trainingandsupport  
-------------------------------------------------------------------------------------

12:28:54.688 [Test worker] INFO   - Test Suite Started: register test on demoPage.com
12:32:44.595 [Test worker] INFO  i.c.core.plugin.SerenityReporter - Running feature from file:///C:/Users/rickn/Videos/test-chouc-main/src/test/resources/features/registerUser.feature
12:32:44.832 [Test worker] INFO   - 

-------------------------------------------------------------------------------------
     _______. _______ .______       _______ .__   __.  __  .___________.____    ____ 
    /       ||   ____||   _  \     |   ____||  \ |  | |  | |           |\   \  /   / 
   |   (----`|  |__   |  |_)  |    |  |__   |   \|  | |  | `---|  |----` \   \/   /  
    \   \    |   __|  |      /     |   __|  |  . `  | |  |     |  |       \_    _/   
.----)   |   |  |____ |  |\  \----.|  |____ |  |\   | |  |     |  |         |  |     
|_______/    |_______|| _| `._____||_______||__| \__| |__|     |__|         |__|    
                                                                                     
 News and tutorials at http://www.serenity-bdd.info                                  
 Documentation at https://wakaleo.gitbooks.io/the-serenity-book/content/             
 Join the Serenity Community on Gitter: https://gitter.im/serenity-bdd/serenity-core 
 Serenity BDD Support and Training at http://serenity-bdd.info/#/trainingandsupport  
-------------------------------------------------------------------------------------

12:32:44.842 [Test worker] INFO   - Test Suite Started: register test on demoPage.com
12:38:00.119 [Test worker] INFO  i.c.core.plugin.SerenityReporter - Running feature from file:///C:/Users/rickn/Videos/test-chouc-main/src/test/resources/features/registerUser.feature
12:38:00.383 [Test worker] INFO   - 

-------------------------------------------------------------------------------------
     _______. _______ .______       _______ .__   __.  __  .___________.____    ____ 
    /       ||   ____||   _  \     |   ____||  \ |  | |  | |           |\   \  /   / 
   |   (----`|  |__   |  |_)  |    |  |__   |   \|  | |  | `---|  |----` \   \/   /  
    \   \    |   __|  |      /     |   __|  |  . `  | |  |     |  |       \_    _/   
.----)   |   |  |____ |  |\  \----.|  |____ |  |\   | |  |     |  |         |  |     
|_______/    |_______|| _| `._____||_______||__| \__| |__|     |__|         |__|    
                                                                                     
 News and tutorials at http://www.serenity-bdd.info                                  
 Documentation at https://wakaleo.gitbooks.io/the-serenity-book/content/             
 Join the Serenity Community on Gitter: https://gitter.im/serenity-bdd/serenity-core 
 Serenity BDD Support and Training at http://serenity-bdd.info/#/trainingandsupport  
-------------------------------------------------------------------------------------

12:38:00.393 [Test worker] INFO   - Test Suite Started: register test on demoPage.com
12:38:00.434 [Test worker] INFO  i.c.core.plugin.SerenityReporter - Running feature from file:///C:/Users/rickn/Videos/test-chouc-main/src/test/resources/features/registerUser.feature
12:38:00.441 [Test worker] INFO   - Test Suite Started: register test on demoPage.com
12:38:00.559 [Test worker] INFO  i.c.core.plugin.SerenityReporter - Running feature from file:///C:/Users/rickn/Videos/test-chouc-main/src/test/resources/features/registerUser.feature
12:38:00.584 [Test worker] INFO   - 
  _____   ___   ___   _____     ___   _____     _     ___   _____   ___   ___  
 |_   _| | __| / __| |_   _|   / __| |_   _|   /_\   | _ \ |_   _| | __| |   \ 
   | |   | _|  \__ \   | |     \__ \   | |    / _ \  |   /   | |   | _|  | |) |
   |_|   |___| |___/   |_|     |___/   |_|   /_/ \_\ |_|_\   |_|   |___| |___/ 

As a "<description>" I want to get corresponding web validation "<message>"(register-test-on-demopage.com;as-a-"<description>"-i-want-to-get-corresponding-web-validation-"<message>")
--------------------------------------------------------------------------------
12:38:15.364 [Test worker] ERROR  - 
  _____   ___   ___   _____     ___   ___   ___    ___    ___ 
 |_   _| | __| / __| |_   _|   | __| | _ \ | _ \  / _ \  | _ \
   | |   | _|  \__ \   | |     | _|  |   / |   / | (_) | |   /
   |_|   |___| |___/   |_|     |___| |_|_\ |_|_\  \___/  |_|_\

As a "<description>" I want to get corresponding web validation "<message>"
---------------------------------------------------------------
12:38:15.376 [Test worker] ERROR  -     Test failed at step: user opens the browser at https://sanangel.com.co/
12:38:15.377 [Test worker] ERROR  -     The following error occurred: unknown error: net::ERR_CONNECTION_CLOSED
12:38:52.971 [Test worker] INFO  i.c.core.plugin.SerenityReporter - Running feature from file:///C:/Users/rickn/Videos/test-chouc-main/src/test/resources/features/registerUser.feature
12:38:53.429 [Test worker] INFO   - 

-------------------------------------------------------------------------------------
     _______. _______ .______       _______ .__   __.  __  .___________.____    ____ 
    /       ||   ____||   _  \     |   ____||  \ |  | |  | |           |\   \  /   / 
   |   (----`|  |__   |  |_)  |    |  |__   |   \|  | |  | `---|  |----` \   \/   /  
    \   \    |   __|  |      /     |   __|  |  . `  | |  |     |  |       \_    _/   
.----)   |   |  |____ |  |\  \----.|  |____ |  |\   | |  |     |  |         |  |     
|_______/    |_______|| _| `._____||_______||__| \__| |__|     |__|         |__|    
                                                                                     
 News and tutorials at http://www.serenity-bdd.info                                  
 Documentation at https://wakaleo.gitbooks.io/the-serenity-book/content/             
 Join the Serenity Community on Gitter: https://gitter.im/serenity-bdd/serenity-core 
 Serenity BDD Support and Training at http://serenity-bdd.info/#/trainingandsupport  
-------------------------------------------------------------------------------------

12:38:53.451 [Test worker] INFO   - Test Suite Started: register test on demoPage.com
12:38:53.493 [Test worker] INFO  i.c.core.plugin.SerenityReporter - Running feature from file:///C:/Users/rickn/Videos/test-chouc-main/src/test/resources/features/registerUser.feature
12:38:53.504 [Test worker] INFO   - Test Suite Started: register test on demoPage.com
12:38:53.688 [Test worker] INFO  i.c.core.plugin.SerenityReporter - Running feature from file:///C:/Users/rickn/Videos/test-chouc-main/src/test/resources/features/registerUser.feature
12:38:53.749 [Test worker] INFO   - 
  _____   ___   ___   _____     ___   _____     _     ___   _____   ___   ___  
 |_   _| | __| / __| |_   _|   / __| |_   _|   /_\   | _ \ |_   _| | __| |   \ 
   | |   | _|  \__ \   | |     \__ \   | |    / _ \  |   /   | |   | _|  | |) |
   |_|   |___| |___/   |_|     |___/   |_|   /_/ \_\ |_|_\   |_|   |___| |___/ 

As a "<description>" I want to get corresponding web validation "<message>"(register-test-on-demopage.com;as-a-"<description>"-i-want-to-get-corresponding-web-validation-"<message>")
--------------------------------------------------------------------------------
12:40:05.027 [Test worker] INFO   - 
  _____   ___   ___   _____     ___     _     ___   ___   ___   ___  
 |_   _| | __| / __| |_   _|   | _ \   /_\   / __| / __| | __| |   \ 
   | |   | _|  \__ \   | |     |  _/  / _ \  \__ \ \__ \ | _|  | |) |
   |_|   |___| |___/   |_|     |_|   /_/ \_\ |___/ |___/ |___| |___/ 

As a "<description>" I want to get corresponding web validation "<message>"
----------------------------------------------------------------------
12:42:02.549 [Test worker] INFO  i.c.core.plugin.SerenityReporter - Running feature from file:///C:/Users/rickn/Videos/test-chouc-main/src/test/resources/features/registerUser.feature
12:42:03.037 [Test worker] INFO   - 

-------------------------------------------------------------------------------------
     _______. _______ .______       _______ .__   __.  __  .___________.____    ____ 
    /       ||   ____||   _  \     |   ____||  \ |  | |  | |           |\   \  /   / 
   |   (----`|  |__   |  |_)  |    |  |__   |   \|  | |  | `---|  |----` \   \/   /  
    \   \    |   __|  |      /     |   __|  |  . `  | |  |     |  |       \_    _/   
.----)   |   |  |____ |  |\  \----.|  |____ |  |\   | |  |     |  |         |  |     
|_______/    |_______|| _| `._____||_______||__| \__| |__|     |__|         |__|    
                                                                                     
 News and tutorials at http://www.serenity-bdd.info                                  
 Documentation at https://wakaleo.gitbooks.io/the-serenity-book/content/             
 Join the Serenity Community on Gitter: https://gitter.im/serenity-bdd/serenity-core 
 Serenity BDD Support and Training at http://serenity-bdd.info/#/trainingandsupport  
-------------------------------------------------------------------------------------

12:42:03.053 [Test worker] INFO   - Test Suite Started: register test on demoPage.com
12:42:03.103 [Test worker] INFO  i.c.core.plugin.SerenityReporter - Running feature from file:///C:/Users/rickn/Videos/test-chouc-main/src/test/resources/features/registerUser.feature
12:42:03.115 [Test worker] INFO   - Test Suite Started: register test on demoPage.com
12:42:03.303 [Test worker] INFO  i.c.core.plugin.SerenityReporter - Running feature from file:///C:/Users/rickn/Videos/test-chouc-main/src/test/resources/features/registerUser.feature
12:42:03.343 [Test worker] INFO   - 
  _____   ___   ___   _____     ___   _____     _     ___   _____   ___   ___  
 |_   _| | __| / __| |_   _|   / __| |_   _|   /_\   | _ \ |_   _| | __| |   \ 
   | |   | _|  \__ \   | |     \__ \   | |    / _ \  |   /   | |   | _|  | |) |
   |_|   |___| |___/   |_|     |___/   |_|   /_/ \_\ |_|_\   |_|   |___| |___/ 

As a "<description>" I want to get corresponding web validation "<message>"(register-test-on-demopage.com;as-a-"<description>"-i-want-to-get-corresponding-web-validation-"<message>")
--------------------------------------------------------------------------------
12:42:57.760 [Test worker] INFO   - 
  _____   ___   ___   _____     ___     _     ___   ___   ___   ___  
 |_   _| | __| / __| |_   _|   | _ \   /_\   / __| / __| | __| |   \ 
   | |   | _|  \__ \   | |     |  _/  / _ \  \__ \ \__ \ | _|  | |) |
   |_|   |___| |___/   |_|     |_|   /_/ \_\ |___/ |___/ |___| |___/ 

As a "<description>" I want to get corresponding web validation "<message>"
----------------------------------------------------------------------
12:49:59.239 [Test worker] INFO  i.c.core.plugin.SerenityReporter - Running feature from file:///C:/Users/rickn/Videos/test-chouc-main/src/test/resources/features/registerUser.feature
12:49:59.525 [Test worker] INFO   - 

-------------------------------------------------------------------------------------
     _______. _______ .______       _______ .__   __.  __  .___________.____    ____ 
    /       ||   ____||   _  \     |   ____||  \ |  | |  | |           |\   \  /   / 
   |   (----`|  |__   |  |_)  |    |  |__   |   \|  | |  | `---|  |----` \   \/   /  
    \   \    |   __|  |      /     |   __|  |  . `  | |  |     |  |       \_    _/   
.----)   |   |  |____ |  |\  \----.|  |____ |  |\   | |  |     |  |         |  |     
|_______/    |_______|| _| `._____||_______||__| \__| |__|     |__|         |__|    
                                                                                     
 News and tutorials at http://www.serenity-bdd.info                                  
 Documentation at https://wakaleo.gitbooks.io/the-serenity-book/content/             
 Join the Serenity Community on Gitter: https://gitter.im/serenity-bdd/serenity-core 
 Serenity BDD Support and Training at http://serenity-bdd.info/#/trainingandsupport  
-------------------------------------------------------------------------------------

12:49:59.535 [Test worker] INFO   - Test Suite Started: register test on sanangelcom
12:49:59.563 [Test worker] INFO  i.c.core.plugin.SerenityReporter - Running feature from file:///C:/Users/rickn/Videos/test-chouc-main/src/test/resources/features/registerUser.feature
12:49:59.569 [Test worker] INFO   - Test Suite Started: register test on sanangelcom
12:49:59.693 [Test worker] INFO  i.c.core.plugin.SerenityReporter - Running feature from file:///C:/Users/rickn/Videos/test-chouc-main/src/test/resources/features/registerUser.feature
12:49:59.719 [Test worker] INFO   - 
  _____   ___   ___   _____     ___   _____     _     ___   _____   ___   ___  
 |_   _| | __| / __| |_   _|   / __| |_   _|   /_\   | _ \ |_   _| | __| |   \ 
   | |   | _|  \__ \   | |     \__ \   | |    / _ \  |   /   | |   | _|  | |) |
   |_|   |___| |___/   |_|     |___/   |_|   /_/ \_\ |_|_\   |_|   |___| |___/ 

As a "<description>" I want to get corresponding web validation "<message>"(register-test-on-sanangelcom;as-a-"<description>"-i-want-to-get-corresponding-web-validation-"<message>")
--------------------------------------------------------------------------------
12:51:42.999 [Test worker] INFO   - 
  _____   ___   ___   _____     ___     _     ___   ___   ___   ___  
 |_   _| | __| / __| |_   _|   | _ \   /_\   / __| / __| | __| |   \ 
   | |   | _|  \__ \   | |     |  _/  / _ \  \__ \ \__ \ | _|  | |) |
   |_|   |___| |___/   |_|     |_|   /_/ \_\ |___/ |___/ |___| |___/ 

As a "<description>" I want to get corresponding web validation "<message>"
----------------------------------------------------------------------
